<?xml version="1.0" encoding="UTF-8"?>
<!-- Generated by org.testng.reporters.JUnitXMLReporter -->
<testsuite hostname="vofking-Aspire-R7-372T" ignored="0" name="Default test" tests="10" failures="0" timestamp="2020-05-17T21:59:09 PDT" time="0.165" errors="0">
  <testcase name="test" time="0.022" classname="core.PrimeNumberCheckerTestOld"/>
  <testcase name="test" time="0.004" classname="core.PrimeNumberCheckerTestOld"/>
  <testcase name="test" time="0.004" classname="core.PrimeNumberCheckerTestOld"/>
  <testcase name="test" time="0.008" classname="core.PrimeNumberCheckerTestOld"/>
  <testcase name="test" time="0.004" classname="core.PrimeNumberCheckerTestOld"/>
  <testcase name="test" time="0.005" classname="core.PrimeNumberCheckerTestOld"/>
  <testcase name="test" time="0.018" classname="core.PrimeNumberCheckerTestOld"/>
  <testcase name="test" time="0.006" classname="core.PrimeNumberCheckerTestOld"/>
  <testcase name="test" time="0.003" classname="core.PrimeNumberCheckerTestOld"/>
  <testcase name="test" time="0.006" classname="core.PrimeNumberCheckerTestOld"/>
</testsuite> <!-- Default test -->
