<?xml version="1.0" encoding="UTF-8"?>
<testng-results skipped="0" failed="0" ignored="0" total="10" passed="10">
  <reporter-output>
  </reporter-output>
  <suite name="Default suite" duration-ms="165" started-at="2020-05-17T21:59:09 PDT" finished-at="2020-05-17T21:59:09 PDT">
    <groups>
    </groups>
    <test name="Default test" duration-ms="165" started-at="2020-05-17T21:59:09 PDT" finished-at="2020-05-17T21:59:09 PDT">
      <class name="core.PrimeNumberCheckerTestOld">
        <test-method status="PASS" signature="test(java.lang.String, java.lang.String, java.lang.String)[pri:0, instance:core.PrimeNumberCheckerTestOld@3a5ed7a6]" name="test" duration-ms="22" started-at="2020-05-17T21:59:09 PDT" data-provider="Prime Numbers" finished-at="2020-05-17T21:59:09 PDT">
          <params>
            <param index="0">
              <value>
                <![CDATA[TC-01.01 (2 is prime number)]]>
              </value>
            </param>
            <param index="1">
              <value>
                <![CDATA[2]]>
              </value>
            </param>
            <param index="2">
              <value>
                <![CDATA[true]]>
              </value>
            </param>
          </params>
          <reporter-output>
          </reporter-output>
        </test-method> <!-- test -->
        <test-method status="PASS" signature="test(java.lang.String, java.lang.String, java.lang.String)[pri:0, instance:core.PrimeNumberCheckerTestOld@3a5ed7a6]" name="test" duration-ms="4" started-at="2020-05-17T21:59:09 PDT" data-provider="Prime Numbers" finished-at="2020-05-17T21:59:09 PDT">
          <params>
            <param index="0">
              <value>
                <![CDATA[TC-01.02 (3 is prime number)]]>
              </value>
            </param>
            <param index="1">
              <value>
                <![CDATA[3]]>
              </value>
            </param>
            <param index="2">
              <value>
                <![CDATA[true]]>
              </value>
            </param>
          </params>
          <reporter-output>
          </reporter-output>
        </test-method> <!-- test -->
        <test-method status="PASS" signature="test(java.lang.String, java.lang.String, java.lang.String)[pri:0, instance:core.PrimeNumberCheckerTestOld@3a5ed7a6]" name="test" duration-ms="4" started-at="2020-05-17T21:59:09 PDT" data-provider="Prime Numbers" finished-at="2020-05-17T21:59:09 PDT">
          <params>
            <param index="0">
              <value>
                <![CDATA[TC-01.03 (4 is not prime number)]]>
              </value>
            </param>
            <param index="1">
              <value>
                <![CDATA[4]]>
              </value>
            </param>
            <param index="2">
              <value>
                <![CDATA[false]]>
              </value>
            </param>
          </params>
          <reporter-output>
          </reporter-output>
        </test-method> <!-- test -->
        <test-method status="PASS" signature="test(java.lang.String, java.lang.String, java.lang.String)[pri:0, instance:core.PrimeNumberCheckerTestOld@3a5ed7a6]" name="test" duration-ms="8" started-at="2020-05-17T21:59:09 PDT" data-provider="Prime Numbers" finished-at="2020-05-17T21:59:09 PDT">
          <params>
            <param index="0">
              <value>
                <![CDATA[TC-01.04 (5 is prime number)]]>
              </value>
            </param>
            <param index="1">
              <value>
                <![CDATA[5]]>
              </value>
            </param>
            <param index="2">
              <value>
                <![CDATA[true]]>
              </value>
            </param>
          </params>
          <reporter-output>
          </reporter-output>
        </test-method> <!-- test -->
        <test-method status="PASS" signature="test(java.lang.String, java.lang.String, java.lang.String)[pri:0, instance:core.PrimeNumberCheckerTestOld@3a5ed7a6]" name="test" duration-ms="4" started-at="2020-05-17T21:59:09 PDT" data-provider="Prime Numbers" finished-at="2020-05-17T21:59:09 PDT">
          <params>
            <param index="0">
              <value>
                <![CDATA[TC-01.05 (6 is not prime number)]]>
              </value>
            </param>
            <param index="1">
              <value>
                <![CDATA[6]]>
              </value>
            </param>
            <param index="2">
              <value>
                <![CDATA[false]]>
              </value>
            </param>
          </params>
          <reporter-output>
          </reporter-output>
        </test-method> <!-- test -->
        <test-method status="PASS" signature="test(java.lang.String, java.lang.String, java.lang.String)[pri:0, instance:core.PrimeNumberCheckerTestOld@3a5ed7a6]" name="test" duration-ms="5" started-at="2020-05-17T21:59:09 PDT" data-provider="Prime Numbers" finished-at="2020-05-17T21:59:09 PDT">
          <params>
            <param index="0">
              <value>
                <![CDATA[TC-01.06 (7 is prime number)]]>
              </value>
            </param>
            <param index="1">
              <value>
                <![CDATA[7]]>
              </value>
            </param>
            <param index="2">
              <value>
                <![CDATA[true]]>
              </value>
            </param>
          </params>
          <reporter-output>
          </reporter-output>
        </test-method> <!-- test -->
        <test-method status="PASS" signature="test(java.lang.String, java.lang.String, java.lang.String)[pri:0, instance:core.PrimeNumberCheckerTestOld@3a5ed7a6]" name="test" duration-ms="18" started-at="2020-05-17T21:59:09 PDT" data-provider="Prime Numbers" finished-at="2020-05-17T21:59:09 PDT">
          <params>
            <param index="0">
              <value>
                <![CDATA[TC-01.07 (8 is not prime number)]]>
              </value>
            </param>
            <param index="1">
              <value>
                <![CDATA[8]]>
              </value>
            </param>
            <param index="2">
              <value>
                <![CDATA[false]]>
              </value>
            </param>
          </params>
          <reporter-output>
          </reporter-output>
        </test-method> <!-- test -->
        <test-method status="PASS" signature="test(java.lang.String, java.lang.String, java.lang.String)[pri:0, instance:core.PrimeNumberCheckerTestOld@3a5ed7a6]" name="test" duration-ms="6" started-at="2020-05-17T21:59:09 PDT" data-provider="Prime Numbers" finished-at="2020-05-17T21:59:09 PDT">
          <params>
            <param index="0">
              <value>
                <![CDATA[TC-01.08 (9 is not prime number)]]>
              </value>
            </param>
            <param index="1">
              <value>
                <![CDATA[9]]>
              </value>
            </param>
            <param index="2">
              <value>
                <![CDATA[false]]>
              </value>
            </param>
          </params>
          <reporter-output>
          </reporter-output>
        </test-method> <!-- test -->
        <test-method status="PASS" signature="test(java.lang.String, java.lang.String, java.lang.String)[pri:0, instance:core.PrimeNumberCheckerTestOld@3a5ed7a6]" name="test" duration-ms="3" started-at="2020-05-17T21:59:09 PDT" data-provider="Prime Numbers" finished-at="2020-05-17T21:59:09 PDT">
          <params>
            <param index="0">
              <value>
                <![CDATA[TC-01.09 (10 is not prime number)]]>
              </value>
            </param>
            <param index="1">
              <value>
                <![CDATA[10]]>
              </value>
            </param>
            <param index="2">
              <value>
                <![CDATA[false]]>
              </value>
            </param>
          </params>
          <reporter-output>
          </reporter-output>
        </test-method> <!-- test -->
        <test-method status="PASS" signature="test(java.lang.String, java.lang.String, java.lang.String)[pri:0, instance:core.PrimeNumberCheckerTestOld@3a5ed7a6]" name="test" duration-ms="6" started-at="2020-05-17T21:59:09 PDT" data-provider="Prime Numbers" finished-at="2020-05-17T21:59:09 PDT">
          <params>
            <param index="0">
              <value>
                <![CDATA[TC-01.10 (11 is prime number)]]>
              </value>
            </param>
            <param index="1">
              <value>
                <![CDATA[11]]>
              </value>
            </param>
            <param index="2">
              <value>
                <![CDATA[true]]>
              </value>
            </param>
          </params>
          <reporter-output>
          </reporter-output>
        </test-method> <!-- test -->
      </class> <!-- core.PrimeNumberCheckerTestOld -->
    </test> <!-- Default test -->
  </suite> <!-- Default suite -->
</testng-results>
